<?xml version="1.0" encoding="UTF-8"?>
<!-- Generated by org.testng.reporters.JUnitReportReporter -->
<testsuite hostname="LAPTOP-G0Q0VPPM" failures="0" tests="6" name="testCase.TC01" time="639.538" errors="0" timestamp="2023-09-02T15:57:08 IST" skipped="0">
  <testcase classname="testCase.TC01" name="verifyRegistration" time="226.228"/>
  <testcase classname="testCase.TC01" name="checkLogin" time="85.679"/>
  <testcase classname="testCase.TC01" name="verifyGetWindowhandle" time="160.205"/>
  <testcase classname="testCase.TC01" name="verifyFooter" time="48.971"/>
  <testcase classname="testCase.TC01" name="checkScrolling" time="62.246"/>
  <testcase classname="testCase.TC01" name="chcekSearchAndFilter" time="56.209"/>
</testsuite> <!-- testCase.TC01 -->
